<?xml version="1.0" encoding="UTF-8"?>
<!-- Generated by org.testng.reporters.JUnitReportReporter -->
<testsuite hostname="DESKTOP-TIA0QUJ" failures="0" tests="1" name="Extent_report_test.Reporttest" time="6.345" errors="0" timestamp="2024-01-03T10:05:59 IST" skipped="0">
  <testcase classname="Extent_report_test.Reporttest" name="Demotest" time="6.345"/>
</testsuite> <!-- Extent_report_test.Reporttest -->
